I, [2018-05-29T23:56:51.382332 #19456]  INFO -- default-ubuntu-1604: -----> Creating <default-ubuntu-1604>...
I, [2018-05-29T23:56:53.263857 #19456]  INFO -- default-ubuntu-1604: Bringing machine 'default' up with 'virtualbox' provider...
I, [2018-05-29T23:56:53.386661 #19456]  INFO -- default-ubuntu-1604: ==> default: Importing base box 'bento/ubuntu-16.04'...
I, [2018-05-29T23:57:05.566583 #19456]  INFO -- default-ubuntu-1604: [KProgress: 10%[KProgress: 20%[KProgress: 30%[KProgress: 40%[KProgress: 50%[KProgress: 80%[KProgress: 90%[K==> default: Matching MAC address for NAT networking...
I, [2018-05-29T23:57:05.711647 #19456]  INFO -- default-ubuntu-1604: ==> default: Checking if box 'bento/ubuntu-16.04' is up to date...
I, [2018-05-29T23:57:08.365488 #19456]  INFO -- default-ubuntu-1604: ==> default: Setting the name of the VM: default-ubuntu-1604_default_1527609428312_82664
I, [2018-05-29T23:57:08.867892 #19456]  INFO -- default-ubuntu-1604: ==> default: Fixed port collision for 22 => 2222. Now on port 2200.
I, [2018-05-29T23:57:09.442493 #19456]  INFO -- default-ubuntu-1604: ==> default: Clearing any previously set network interfaces...
I, [2018-05-29T23:57:09.683783 #19456]  INFO -- default-ubuntu-1604: ==> default: Preparing network interfaces based on configuration...
I, [2018-05-29T23:57:09.684024 #19456]  INFO -- default-ubuntu-1604:     default: Adapter 1: nat
I, [2018-05-29T23:57:09.684322 #19456]  INFO -- default-ubuntu-1604:     default: Adapter 2: hostonly
I, [2018-05-29T23:57:09.745041 #19456]  INFO -- default-ubuntu-1604: ==> default: Forwarding ports...
I, [2018-05-29T23:57:09.837026 #19456]  INFO -- default-ubuntu-1604:     default: 22 (guest) => 2200 (host) (adapter 1)
I, [2018-05-29T23:57:10.006354 #19456]  INFO -- default-ubuntu-1604: ==> default: Booting VM...
I, [2018-05-29T23:57:10.342487 #19456]  INFO -- default-ubuntu-1604: ==> default: Waiting for machine to boot. This may take a few minutes...
I, [2018-05-29T23:57:10.667100 #19456]  INFO -- default-ubuntu-1604:     default: SSH address: 127.0.0.1:2200
I, [2018-05-29T23:57:10.667308 #19456]  INFO -- default-ubuntu-1604:     default: SSH username: vagrant
I, [2018-05-29T23:57:10.667446 #19456]  INFO -- default-ubuntu-1604:     default: SSH auth method: private key
I, [2018-05-29T23:57:26.731186 #19456]  INFO -- default-ubuntu-1604:     default: 
I, [2018-05-29T23:57:26.731268 #19456]  INFO -- default-ubuntu-1604:     default: Vagrant insecure key detected. Vagrant will automatically replace
I, [2018-05-29T23:57:26.731309 #19456]  INFO -- default-ubuntu-1604:     default: this with a newly generated keypair for better security.
I, [2018-05-29T23:57:27.511319 #19456]  INFO -- default-ubuntu-1604:     default: 
I, [2018-05-29T23:57:27.511424 #19456]  INFO -- default-ubuntu-1604:     default: Inserting generated public key within guest...
I, [2018-05-29T23:57:27.597006 #19456]  INFO -- default-ubuntu-1604:     default: Removing insecure key from the guest if it's present...
I, [2018-05-29T23:57:27.683737 #19456]  INFO -- default-ubuntu-1604:     default: Key inserted! Disconnecting and reconnecting using new SSH key...
I, [2018-05-29T23:57:28.416125 #19456]  INFO -- default-ubuntu-1604: ==> default: Machine booted and ready!
I, [2018-05-29T23:57:28.417241 #19456]  INFO -- default-ubuntu-1604: ==> default: Checking for guest additions in VM...
I, [2018-05-29T23:57:28.471010 #19456]  INFO -- default-ubuntu-1604: ==> default: Setting hostname...
I, [2018-05-29T23:57:28.805290 #19456]  INFO -- default-ubuntu-1604: ==> default: Configuring and enabling network interfaces...
I, [2018-05-29T23:57:29.405371 #19456]  INFO -- default-ubuntu-1604: ==> default: Mounting shared folders...
I, [2018-05-29T23:57:29.405595 #19456]  INFO -- default-ubuntu-1604:     default: /tmp/omnibus/cache => /Users/dmc/.kitchen/cache
I, [2018-05-29T23:57:29.972253 #19456]  INFO -- default-ubuntu-1604: ==> default: Machine not provisioned because `--no-provision` is specified.
I, [2018-05-29T23:57:31.765411 #19456]  INFO -- default-ubuntu-1604: [SSH] Established
I, [2018-05-29T23:57:31.766051 #19456]  INFO -- default-ubuntu-1604: Vagrant instance <default-ubuntu-1604> created.
I, [2018-05-29T23:57:31.767267 #19456]  INFO -- default-ubuntu-1604: Finished creating <default-ubuntu-1604> (0m40.38s).
